<?xml version="1.0" encoding="UTF-8"?>
<!-- Generated by org.testng.reporters.JUnitXMLReporter -->
<testsuite ignored="0" hostname="DESKTOP-25PSB0H" failures="0" tests="3" name="Test" time="12.576" errors="0" timestamp="2023-05-26T21:08:36 IST">
  <testcase classname="testClassPackage.Post_tc1" name="execute" time="8.72"/>
  <testcase classname="testClassPackage.Post_tc2" name="execute" time="1.566"/>
  <testcase classname="testClassPackage.Post_tc3" name="execute" time="1.989"/>
</testsuite> <!-- Test -->
