<?xml version="1.0" encoding="UTF-8"?>
<testng-results ignored="0" total="3" passed="3" failed="0" skipped="0">
  <reporter-output>
  </reporter-output>
  <suite started-at="2023-05-26T21:08:23 IST" name="Suite" finished-at="2023-05-26T21:08:36 IST" duration-ms="12576">
    <groups>
    </groups>
    <test started-at="2023-05-26T21:08:23 IST" name="Test" finished-at="2023-05-26T21:08:36 IST" duration-ms="12576">
      <class name="testClassPackage.Post_tc2">
        <test-method signature="execute()[pri:0, instance:testClassPackage.Post_tc2@341814d3]" started-at="2023-05-26T21:08:32 IST" name="execute" finished-at="2023-05-26T21:08:34 IST" duration-ms="1566" status="PASS">
          <reporter-output>
          </reporter-output>
        </test-method> <!-- execute -->
      </class> <!-- testClassPackage.Post_tc2 -->
      <class name="testClassPackage.Post_tc3">
        <test-method signature="execute()[pri:0, instance:testClassPackage.Post_tc3@4397ad89]" started-at="2023-05-26T21:08:34 IST" name="execute" finished-at="2023-05-26T21:08:36 IST" duration-ms="1989" status="PASS">
          <reporter-output>
          </reporter-output>
        </test-method> <!-- execute -->
      </class> <!-- testClassPackage.Post_tc3 -->
      <class name="testClassPackage.Post_tc1">
        <test-method signature="execute()[pri:0, instance:testClassPackage.Post_tc1@6d07a63d]" started-at="2023-05-26T21:08:23 IST" name="execute" finished-at="2023-05-26T21:08:32 IST" duration-ms="8720" status="PASS">
          <reporter-output>
          </reporter-output>
        </test-method> <!-- execute -->
      </class> <!-- testClassPackage.Post_tc1 -->
    </test> <!-- Test -->
  </suite> <!-- Suite -->
</testng-results>
